0 info it worked if it ends with ok
1 verbose cli [ 'node', '/usr/bin/npm', 'install', '-g', 'systeminfo' ]
2 info using npm@1.4.4
3 info using node@v0.10.25
4 verbose node symlink /usr/bin/node
5 verbose cache add [ 'systeminfo', null ]
6 verbose cache add name=undefined spec="systeminfo" args=["systeminfo",null]
7 verbose parsed url { protocol: null,
7 verbose parsed url   slashes: null,
7 verbose parsed url   auth: null,
7 verbose parsed url   host: null,
7 verbose parsed url   port: null,
7 verbose parsed url   hostname: null,
7 verbose parsed url   hash: null,
7 verbose parsed url   search: null,
7 verbose parsed url   query: null,
7 verbose parsed url   pathname: 'systeminfo',
7 verbose parsed url   path: 'systeminfo',
7 verbose parsed url   href: 'systeminfo' }
8 silly lockFile 21ef9f0a-systeminfo systeminfo
9 verbose lock systeminfo /home/sander/.npm/21ef9f0a-systeminfo.lock
10 verbose chmod /home/sander/tmp/npm-11470-rwzffTGw/1396776421323-0.6405687010847032/tmp.tgz 644
11 verbose tar unpack /home/sander/tmp/npm-11470-rwzffTGw/1396776421323-0.6405687010847032/tmp.tgz
12 silly lockFile 55dd8591-21323-0-6405687010847032-package tar:///home/sander/tmp/npm-11470-rwzffTGw/1396776421323-0.6405687010847032/package
13 verbose lock tar:///home/sander/tmp/npm-11470-rwzffTGw/1396776421323-0.6405687010847032/package /home/sander/.npm/55dd8591-21323-0-6405687010847032-package.lock
14 silly lockFile 4a58a432-21323-0-6405687010847032-tmp-tgz tar:///home/sander/tmp/npm-11470-rwzffTGw/1396776421323-0.6405687010847032/tmp.tgz
15 verbose lock tar:///home/sander/tmp/npm-11470-rwzffTGw/1396776421323-0.6405687010847032/tmp.tgz /home/sander/.npm/4a58a432-21323-0-6405687010847032-tmp-tgz.lock
16 silly gunzTarPerm modes [ '755', '644' ]
17 error not a package /home/sander/tmp/npm-11470-rwzffTGw/1396776421323-0.6405687010847032/tmp.tgz
18 silly lockFile 55dd8591-21323-0-6405687010847032-package tar:///home/sander/tmp/npm-11470-rwzffTGw/1396776421323-0.6405687010847032/package
19 silly lockFile 55dd8591-21323-0-6405687010847032-package tar:///home/sander/tmp/npm-11470-rwzffTGw/1396776421323-0.6405687010847032/package
20 silly lockFile 4a58a432-21323-0-6405687010847032-tmp-tgz tar:///home/sander/tmp/npm-11470-rwzffTGw/1396776421323-0.6405687010847032/tmp.tgz
21 silly lockFile 4a58a432-21323-0-6405687010847032-tmp-tgz tar:///home/sander/tmp/npm-11470-rwzffTGw/1396776421323-0.6405687010847032/tmp.tgz
22 silly lockFile 21ef9f0a-systeminfo systeminfo
23 silly lockFile 21ef9f0a-systeminfo systeminfo
24 verbose addNamed [ 'systeminfo', '' ]
25 verbose addNamed [ null, '*' ]
26 silly lockFile 20cd9494-systeminfo systeminfo@
27 verbose lock systeminfo@ /home/sander/.npm/20cd9494-systeminfo.lock
28 silly addNameRange { name: 'systeminfo', range: '*', hasData: false }
29 verbose url raw systeminfo
30 verbose url resolving [ 'https://registry.npmjs.org/', './systeminfo' ]
31 verbose url resolved https://registry.npmjs.org/systeminfo
32 info trying registry request attempt 1 at 12:27:01
33 http GET https://registry.npmjs.org/systeminfo
34 http 404 https://registry.npmjs.org/systeminfo
35 silly registry.get cb [ 404,
35 silly registry.get   { date: 'Sun, 06 Apr 2014 09:27:01 GMT',
35 silly registry.get     server: 'CouchDB/1.5.0 (Erlang OTP/R14B04)',
35 silly registry.get     'content-type': 'application/json',
35 silly registry.get     via: '1.1 varnish',
35 silly registry.get     'cache-control': 'max-age=0',
35 silly registry.get     'content-length': '52',
35 silly registry.get     'accept-ranges': 'bytes',
35 silly registry.get     age: '0',
35 silly registry.get     'x-served-by': 'cache-v43-ASH, cache-am70-AMS',
35 silly registry.get     'x-cache': 'MISS, MISS',
35 silly registry.get     'x-cache-hits': '0, 0',
35 silly registry.get     'x-timer': 'S1396776421.270877123,VS0,VS43,VE223,VE269',
35 silly registry.get     'keep-alive': 'timeout=10, max=50',
35 silly registry.get     connection: 'Keep-Alive' } ]
36 silly lockFile 20cd9494-systeminfo systeminfo@
37 silly lockFile 20cd9494-systeminfo systeminfo@
38 error 404 'systeminfo' is not in the npm registry.
38 error 404 You should bug the author to publish it
38 error 404
38 error 404 Note that you can also install from a
38 error 404 tarball, folder, or http url, or git url.
39 error System Linux 3.11.0-19-generic
40 error command "node" "/usr/bin/npm" "install" "-g" "systeminfo"
41 error cwd /home/sander/Documents/Projects/systeminfo/bin
42 error node -v v0.10.25
43 error npm -v 1.4.4
44 error code E404
45 verbose exit [ 1, true ]
